<?xml version="1.0" encoding="UTF-8" ?>
<testsuite failures="0" time="0.521" errors="0" skipped="0" tests="4" name="org.beijingair.model.AirDataInfoTest">
  <properties>
    <property name="java.runtime.name" value="Java(TM) SE Runtime Environment"/>
    <property name="sun.boot.library.path" value="/System/Library/Java/JavaVirtualMachines/1.6.0.jdk/Contents/Libraries"/>
    <property name="java.vm.version" value="19.1-b02-334"/>
    <property name="awt.nativeDoubleBuffering" value="true"/>
    <property name="gopherProxySet" value="false"/>
    <property name="mrj.build" value="10M3326"/>
    <property name="java.vm.vendor" value="Apple Inc."/>
    <property name="java.vendor.url" value="http://www.apple.com/"/>
    <property name="path.separator" value=":"/>
    <property name="java.vm.name" value="Java HotSpot(TM) 64-Bit Server VM"/>
    <property name="file.encoding.pkg" value="sun.io"/>
    <property name="user.country" value="US"/>
    <property name="sun.java.launcher" value="SUN_STANDARD"/>
    <property name="sun.os.patch.level" value="unknown"/>
    <property name="java.vm.specification.name" value="Java Virtual Machine Specification"/>
    <property name="user.dir" value="/Users/misvy/perso/side-projects/foggybeijing/Foggy"/>
    <property name="java.runtime.version" value="1.6.0_24-b07-334-10M3326"/>
    <property name="java.awt.graphicsenv" value="apple.awt.CGraphicsEnvironment"/>
    <property name="basedir" value="/Users/misvy/perso/side-projects/foggybeijing/Foggy"/>
    <property name="java.endorsed.dirs" value="/System/Library/Java/JavaVirtualMachines/1.6.0.jdk/Contents/Home/lib/endorsed"/>
    <property name="os.arch" value="x86_64"/>
    <property name="surefire.real.class.path" value="/Users/misvy/perso/side-projects/foggybeijing/Foggy/target/surefire/surefirebooter3266377192562274736.jar"/>
    <property name="java.io.tmpdir" value="/var/folders/12/12fLe0rUFGywpHFvVntAnEl8puU/-Tmp-/"/>
    <property name="line.separator" value="
"/>
    <property name="java.vm.specification.vendor" value="Sun Microsystems Inc."/>
    <property name="os.name" value="Mac OS X"/>
    <property name="sun.jnu.encoding" value="MacRoman"/>
    <property name="java.library.path" value=".:/Users/misvy/Library/Java/Extensions:/Library/Java/Extensions:/System/Library/Java/Extensions:/usr/lib/java"/>
    <property name="surefire.test.class.path" value="/Users/misvy/perso/side-projects/foggybeijing/Foggy/target/test-classes:/Users/misvy/perso/side-projects/foggybeijing/Foggy/target/classes:/Users/misvy/work/training/courseware-development/maven/repository/org/springframework/spring-webmvc/3.1.1.RELEASE/spring-webmvc-3.1.1.RELEASE.jar:/Users/misvy/work/training/courseware-development/maven/repository/org/springframework/spring-asm/3.1.1.RELEASE/spring-asm-3.1.1.RELEASE.jar:/Users/misvy/work/training/courseware-development/maven/repository/org/springframework/spring-beans/3.1.1.RELEASE/spring-beans-3.1.1.RELEASE.jar:/Users/misvy/work/training/courseware-development/maven/repository/org/springframework/spring-context/3.1.1.RELEASE/spring-context-3.1.1.RELEASE.jar:/Users/misvy/work/training/courseware-development/maven/repository/org/springframework/spring-context-support/3.1.1.RELEASE/spring-context-support-3.1.1.RELEASE.jar:/Users/misvy/work/training/courseware-development/maven/repository/org/springframework/spring-core/3.1.1.RELEASE/spring-core-3.1.1.RELEASE.jar:/Users/misvy/work/training/courseware-development/maven/repository/org/springframework/spring-expression/3.1.1.RELEASE/spring-expression-3.1.1.RELEASE.jar:/Users/misvy/work/training/courseware-development/maven/repository/org/springframework/spring-web/3.1.1.RELEASE/spring-web-3.1.1.RELEASE.jar:/Users/misvy/work/training/courseware-development/maven/repository/javax/servlet/servlet-api/2.5/servlet-api-2.5.jar:/Users/misvy/work/training/courseware-development/maven/repository/javax/servlet/jstl/1.2/jstl-1.2.jar:/Users/misvy/work/training/courseware-development/maven/repository/joda-time/joda-time-jsptags/1.1/joda-time-jsptags-1.1.jar:/Users/misvy/work/training/courseware-development/maven/repository/org/springframework/spring-tx/3.1.1.RELEASE/spring-tx-3.1.1.RELEASE.jar:/Users/misvy/work/training/courseware-development/maven/repository/aopalliance/aopalliance/1.0/aopalliance-1.0.jar:/Users/misvy/work/training/courseware-development/maven/repository/org/springframework/spring-aop/3.1.1.RELEASE/spring-aop-3.1.1.RELEASE.jar:/Users/misvy/work/training/courseware-development/maven/repository/cglib/cglib/2.1/cglib-2.1.jar:/Users/misvy/work/training/courseware-development/maven/repository/asm/asm/1.5.3/asm-1.5.3.jar:/Users/misvy/work/training/courseware-development/maven/repository/asm/asm-util/1.3.4/asm-util-1.3.4.jar:/Users/misvy/work/training/courseware-development/maven/repository/aspectwerkz/aspectwerkz-core/0.8.1/aspectwerkz-core-0.8.1.jar:/Users/misvy/work/training/courseware-development/maven/repository/org/hibernate/hibernate-entitymanager/4.1.1.Final/hibernate-entitymanager-4.1.1.Final.jar:/Users/misvy/work/training/courseware-development/maven/repository/org/jboss/logging/jboss-logging/3.1.0.GA/jboss-logging-3.1.0.GA.jar:/Users/misvy/work/training/courseware-development/maven/repository/org/hibernate/hibernate-core/4.1.1.Final/hibernate-core-4.1.1.Final.jar:/Users/misvy/work/training/courseware-development/maven/repository/antlr/antlr/2.7.7/antlr-2.7.7.jar:/Users/misvy/work/training/courseware-development/maven/repository/org/jboss/spec/javax/transaction/jboss-transaction-api_1.1_spec/1.0.0.Final/jboss-transaction-api_1.1_spec-1.0.0.Final.jar:/Users/misvy/work/training/courseware-development/maven/repository/dom4j/dom4j/1.6.1/dom4j-1.6.1.jar:/Users/misvy/work/training/courseware-development/maven/repository/xml-apis/xml-apis/1.0.b2/xml-apis-1.0.b2.jar:/Users/misvy/work/training/courseware-development/maven/repository/org/hibernate/javax/persistence/hibernate-jpa-2.0-api/1.0.1.Final/hibernate-jpa-2.0-api-1.0.1.Final.jar:/Users/misvy/work/training/courseware-development/maven/repository/org/javassist/javassist/3.15.0-GA/javassist-3.15.0-GA.jar:/Users/misvy/work/training/courseware-development/maven/repository/org/hibernate/common/hibernate-commons-annotations/4.0.1.Final/hibernate-commons-annotations-4.0.1.Final.jar:/Users/misvy/work/training/courseware-development/maven/repository/org/springframework/spring-orm/3.1.1.RELEASE/spring-orm-3.1.1.RELEASE.jar:/Users/misvy/work/training/courseware-development/maven/repository/org/springframework/spring-jdbc/3.1.1.RELEASE/spring-jdbc-3.1.1.RELEASE.jar:/Users/misvy/work/training/courseware-development/maven/repository/org/slf4j/slf4j-jcl/1.5.8/slf4j-jcl-1.5.8.jar:/Users/misvy/work/training/courseware-development/maven/repository/commons-logging/commons-logging/1.1.1/commons-logging-1.1.1.jar:/Users/misvy/work/training/courseware-development/maven/repository/org/slf4j/slf4j-api/1.5.8/slf4j-api-1.5.8.jar:/Users/misvy/work/training/courseware-development/maven/repository/mysql/mysql-connector-java/5.1.18/mysql-connector-java-5.1.18.jar:/Users/misvy/work/training/courseware-development/maven/repository/commons-dbcp/commons-dbcp/20030825.184428/commons-dbcp-20030825.184428.jar:/Users/misvy/work/training/courseware-development/maven/repository/org/springframework/spring-test/3.1.1.RELEASE/spring-test-3.1.1.RELEASE.jar:/Users/misvy/work/training/courseware-development/maven/repository/junit/junit/4.10/junit-4.10.jar:/Users/misvy/work/training/courseware-development/maven/repository/org/hamcrest/hamcrest-core/1.1/hamcrest-core-1.1.jar:/Users/misvy/work/training/courseware-development/maven/repository/p6spy/p6spy/1.3/p6spy-1.3.jar:/Users/misvy/work/training/courseware-development/maven/repository/log4j/log4j/1.2.14/log4j-1.2.14.jar:/Users/misvy/work/training/courseware-development/maven/repository/org/twitter4j/twitter4j-core/2.2.5/twitter4j-core-2.2.5.jar:/Users/misvy/work/training/courseware-development/maven/repository/joda-time/joda-time/2.0/joda-time-2.0.jar:/Users/misvy/work/training/courseware-development/maven/repository/org/jadira/usertype/usertype.core/3.0.0.CR1/usertype.core-3.0.0.CR1.jar:/Users/misvy/work/training/courseware-development/maven/repository/org/joda/joda-money/0.6/joda-money-0.6.jar:/Users/misvy/work/training/courseware-development/maven/repository/org/jadira/usertype/usertype.spi/3.0.0.CR1/usertype.spi-3.0.0.CR1.jar:/Users/misvy/work/training/courseware-development/maven/repository/commons-pool/commons-pool/1.5.6/commons-pool-1.5.6.jar:/Users/misvy/work/training/courseware-development/maven/repository/org/jsoup/jsoup/1.6.1/jsoup-1.6.1.jar:"/>
    <property name="java.specification.name" value="Java Platform API Specification"/>
    <property name="java.class.version" value="50.0"/>
    <property name="sun.management.compiler" value="HotSpot 64-Bit Server Compiler"/>
    <property name="os.version" value="10.6.7"/>
    <property name="http.nonProxyHosts" value="local|*.local|169.254/16|*.169.254/16"/>
    <property name="user.home" value="/Users/misvy"/>
    <property name="user.timezone" value="Asia/Shanghai"/>
    <property name="java.awt.printerjob" value="apple.awt.CPrinterJob"/>
    <property name="java.specification.version" value="1.6"/>
    <property name="file.encoding" value="MacRoman"/>
    <property name="user.name" value="misvy"/>
    <property name="java.class.path" value="/Users/misvy/perso/side-projects/foggybeijing/Foggy/target/test-classes:/Users/misvy/perso/side-projects/foggybeijing/Foggy/target/classes:/Users/misvy/work/training/courseware-development/maven/repository/org/springframework/spring-webmvc/3.1.1.RELEASE/spring-webmvc-3.1.1.RELEASE.jar:/Users/misvy/work/training/courseware-development/maven/repository/org/springframework/spring-asm/3.1.1.RELEASE/spring-asm-3.1.1.RELEASE.jar:/Users/misvy/work/training/courseware-development/maven/repository/org/springframework/spring-beans/3.1.1.RELEASE/spring-beans-3.1.1.RELEASE.jar:/Users/misvy/work/training/courseware-development/maven/repository/org/springframework/spring-context/3.1.1.RELEASE/spring-context-3.1.1.RELEASE.jar:/Users/misvy/work/training/courseware-development/maven/repository/org/springframework/spring-context-support/3.1.1.RELEASE/spring-context-support-3.1.1.RELEASE.jar:/Users/misvy/work/training/courseware-development/maven/repository/org/springframework/spring-core/3.1.1.RELEASE/spring-core-3.1.1.RELEASE.jar:/Users/misvy/work/training/courseware-development/maven/repository/org/springframework/spring-expression/3.1.1.RELEASE/spring-expression-3.1.1.RELEASE.jar:/Users/misvy/work/training/courseware-development/maven/repository/org/springframework/spring-web/3.1.1.RELEASE/spring-web-3.1.1.RELEASE.jar:/Users/misvy/work/training/courseware-development/maven/repository/javax/servlet/servlet-api/2.5/servlet-api-2.5.jar:/Users/misvy/work/training/courseware-development/maven/repository/javax/servlet/jstl/1.2/jstl-1.2.jar:/Users/misvy/work/training/courseware-development/maven/repository/joda-time/joda-time-jsptags/1.1/joda-time-jsptags-1.1.jar:/Users/misvy/work/training/courseware-development/maven/repository/org/springframework/spring-tx/3.1.1.RELEASE/spring-tx-3.1.1.RELEASE.jar:/Users/misvy/work/training/courseware-development/maven/repository/aopalliance/aopalliance/1.0/aopalliance-1.0.jar:/Users/misvy/work/training/courseware-development/maven/repository/org/springframework/spring-aop/3.1.1.RELEASE/spring-aop-3.1.1.RELEASE.jar:/Users/misvy/work/training/courseware-development/maven/repository/cglib/cglib/2.1/cglib-2.1.jar:/Users/misvy/work/training/courseware-development/maven/repository/asm/asm/1.5.3/asm-1.5.3.jar:/Users/misvy/work/training/courseware-development/maven/repository/asm/asm-util/1.3.4/asm-util-1.3.4.jar:/Users/misvy/work/training/courseware-development/maven/repository/aspectwerkz/aspectwerkz-core/0.8.1/aspectwerkz-core-0.8.1.jar:/Users/misvy/work/training/courseware-development/maven/repository/org/hibernate/hibernate-entitymanager/4.1.1.Final/hibernate-entitymanager-4.1.1.Final.jar:/Users/misvy/work/training/courseware-development/maven/repository/org/jboss/logging/jboss-logging/3.1.0.GA/jboss-logging-3.1.0.GA.jar:/Users/misvy/work/training/courseware-development/maven/repository/org/hibernate/hibernate-core/4.1.1.Final/hibernate-core-4.1.1.Final.jar:/Users/misvy/work/training/courseware-development/maven/repository/antlr/antlr/2.7.7/antlr-2.7.7.jar:/Users/misvy/work/training/courseware-development/maven/repository/org/jboss/spec/javax/transaction/jboss-transaction-api_1.1_spec/1.0.0.Final/jboss-transaction-api_1.1_spec-1.0.0.Final.jar:/Users/misvy/work/training/courseware-development/maven/repository/dom4j/dom4j/1.6.1/dom4j-1.6.1.jar:/Users/misvy/work/training/courseware-development/maven/repository/xml-apis/xml-apis/1.0.b2/xml-apis-1.0.b2.jar:/Users/misvy/work/training/courseware-development/maven/repository/org/hibernate/javax/persistence/hibernate-jpa-2.0-api/1.0.1.Final/hibernate-jpa-2.0-api-1.0.1.Final.jar:/Users/misvy/work/training/courseware-development/maven/repository/org/javassist/javassist/3.15.0-GA/javassist-3.15.0-GA.jar:/Users/misvy/work/training/courseware-development/maven/repository/org/hibernate/common/hibernate-commons-annotations/4.0.1.Final/hibernate-commons-annotations-4.0.1.Final.jar:/Users/misvy/work/training/courseware-development/maven/repository/org/springframework/spring-orm/3.1.1.RELEASE/spring-orm-3.1.1.RELEASE.jar:/Users/misvy/work/training/courseware-development/maven/repository/org/springframework/spring-jdbc/3.1.1.RELEASE/spring-jdbc-3.1.1.RELEASE.jar:/Users/misvy/work/training/courseware-development/maven/repository/org/slf4j/slf4j-jcl/1.5.8/slf4j-jcl-1.5.8.jar:/Users/misvy/work/training/courseware-development/maven/repository/commons-logging/commons-logging/1.1.1/commons-logging-1.1.1.jar:/Users/misvy/work/training/courseware-development/maven/repository/org/slf4j/slf4j-api/1.5.8/slf4j-api-1.5.8.jar:/Users/misvy/work/training/courseware-development/maven/repository/mysql/mysql-connector-java/5.1.18/mysql-connector-java-5.1.18.jar:/Users/misvy/work/training/courseware-development/maven/repository/commons-dbcp/commons-dbcp/20030825.184428/commons-dbcp-20030825.184428.jar:/Users/misvy/work/training/courseware-development/maven/repository/org/springframework/spring-test/3.1.1.RELEASE/spring-test-3.1.1.RELEASE.jar:/Users/misvy/work/training/courseware-development/maven/repository/junit/junit/4.10/junit-4.10.jar:/Users/misvy/work/training/courseware-development/maven/repository/org/hamcrest/hamcrest-core/1.1/hamcrest-core-1.1.jar:/Users/misvy/work/training/courseware-development/maven/repository/p6spy/p6spy/1.3/p6spy-1.3.jar:/Users/misvy/work/training/courseware-development/maven/repository/log4j/log4j/1.2.14/log4j-1.2.14.jar:/Users/misvy/work/training/courseware-development/maven/repository/org/twitter4j/twitter4j-core/2.2.5/twitter4j-core-2.2.5.jar:/Users/misvy/work/training/courseware-development/maven/repository/joda-time/joda-time/2.0/joda-time-2.0.jar:/Users/misvy/work/training/courseware-development/maven/repository/org/jadira/usertype/usertype.core/3.0.0.CR1/usertype.core-3.0.0.CR1.jar:/Users/misvy/work/training/courseware-development/maven/repository/org/joda/joda-money/0.6/joda-money-0.6.jar:/Users/misvy/work/training/courseware-development/maven/repository/org/jadira/usertype/usertype.spi/3.0.0.CR1/usertype.spi-3.0.0.CR1.jar:/Users/misvy/work/training/courseware-development/maven/repository/commons-pool/commons-pool/1.5.6/commons-pool-1.5.6.jar:/Users/misvy/work/training/courseware-development/maven/repository/org/jsoup/jsoup/1.6.1/jsoup-1.6.1.jar:"/>
    <property name="java.vm.specification.version" value="1.0"/>
    <property name="sun.arch.data.model" value="64"/>
    <property name="java.home" value="/System/Library/Java/JavaVirtualMachines/1.6.0.jdk/Contents/Home"/>
    <property name="java.specification.vendor" value="Sun Microsystems Inc."/>
    <property name="user.language" value="en"/>
    <property name="awt.toolkit" value="apple.awt.CToolkit"/>
    <property name="java.vm.info" value="mixed mode"/>
    <property name="java.version" value="1.6.0_24"/>
    <property name="java.ext.dirs" value="/Users/misvy/Library/Java/Extensions:/Library/Java/Extensions:/System/Library/Java/Extensions:/System/Library/Java/JavaVirtualMachines/1.6.0.jdk/Contents/Home/lib/ext"/>
    <property name="sun.boot.class.path" value="/System/Library/Java/JavaVirtualMachines/1.6.0.jdk/Contents/Classes/jsfd.jar:/System/Library/Java/JavaVirtualMachines/1.6.0.jdk/Contents/Classes/classes.jar:/System/Library/Frameworks/JavaVM.framework/Frameworks/JavaRuntimeSupport.framework/Resources/Java/JavaRuntimeSupport.jar:/System/Library/Java/JavaVirtualMachines/1.6.0.jdk/Contents/Classes/ui.jar:/System/Library/Java/JavaVirtualMachines/1.6.0.jdk/Contents/Classes/laf.jar:/System/Library/Java/JavaVirtualMachines/1.6.0.jdk/Contents/Classes/sunrsasign.jar:/System/Library/Java/JavaVirtualMachines/1.6.0.jdk/Contents/Classes/jsse.jar:/System/Library/Java/JavaVirtualMachines/1.6.0.jdk/Contents/Classes/jce.jar:/System/Library/Java/JavaVirtualMachines/1.6.0.jdk/Contents/Classes/charsets.jar"/>
    <property name="java.vendor" value="Apple Inc."/>
    <property name="localRepository" value="/Users/misvy/work/training/courseware-development/maven/repository"/>
    <property name="file.separator" value="/"/>
    <property name="java.vendor.url.bug" value="http://bugreport.apple.com/"/>
    <property name="sun.cpu.endian" value="little"/>
    <property name="sun.io.unicode.encoding" value="UnicodeLittle"/>
    <property name="mrj.version" value="1060.1.6.0_24-334"/>
    <property name="socksNonProxyHosts" value="local|*.local|169.254/16|*.169.254/16"/>
    <property name="ftp.nonProxyHosts" value="local|*.local|169.254/16|*.169.254/16"/>
    <property name="sun.cpu.isalist" value=""/>
  </properties>
  <testcase time="0.464" classname="org.beijingair.model.AirDataInfoTest" name="buildFromRawTextOKDateComma"/>
  <testcase time="0.001" classname="org.beijingair.model.AirDataInfoTest" name="buildFromRawTextOKDateNoComma"/>
  <testcase time="0.001" classname="org.beijingair.model.AirDataInfoTest" name="buildFromRawText24h"/>
  <testcase time="0" classname="org.beijingair.model.AirDataInfoTest" name="buildFromRawTextPM25NoData"/>
</testsuite>